<?xml version="1.0" encoding="UTF-8"?>
<!-- Generated by org.testng.reporters.JUnitXMLReporter -->
<testsuite ignored="0" hostname="DESKTOP-EQ55Q8H" failures="0" tests="10" name="Surefire test" time="11.105" errors="0" timestamp="2025-05-14T11:00:36 IST">
  <testcase classname="groupingConcept.lgoinTestCase" name="facebooklogin" time="0.012"/>
  <testcase classname="groupingConcept.lgoinTestCase" name="twitteerlogin" time="0.001"/>
  <testcase classname="groupingConcept.lgoinTestCase" name="nukari" time="0.004"/>
  <testcase classname="groupingConcept.signUpTestCase" name="signupFB" time="0.003"/>
  <testcase classname="groupingConcept.signUpTestCase" name="signupTwitter" time="0.001"/>
  <testcase classname="groupingConcept.signUpTestCase" name="signupnukari" time="0.002"/>
  <testcase classname="PageObjectModel.loginTestCase" name="testLogin" time="1.974"/>
  <testcase classname="UsingTestNg.FirstTestCase" name="Open" time="0.0"/>
  <testcase classname="UsingTestNg.FirstTestCase" name="Login" time="0.002"/>
  <testcase classname="UsingTestNg.FirstTestCase" name="logout" time="0.001"/>
</testsuite> <!-- Surefire test -->
