<?xml version="1.0" encoding="UTF-8"?>
<!-- Generated by org.testng.reporters.JUnitXMLReporter -->
<testsuite ignored="0" hostname="DESKTOP-EQ55Q8H" failures="0" tests="4" name="Default test" time="13.886" errors="0" timestamp="2025-05-20T17:52:42 IST">
  <testcase classname="UsingTestNg.OrangeHrmLogin" name="open" time="6.928"/>
  <testcase classname="UsingTestNg.OrangeHrmLogin" name="displaylogo" time="5.109"/>
  <testcase classname="UsingTestNg.OrangeHrmLogin" name="login" time="1.543"/>
  <testcase classname="UsingTestNg.OrangeHrmLogin" name="close" time="0.207"/>
</testsuite> <!-- Default test -->
