<?xml version="1.0" encoding="UTF-8"?>
<!-- Generated by org.testng.reporters.JUnitXMLReporter -->
<testsuite ignored="0" hostname="DESKTOP-EQ55Q8H" failures="0" tests="3" name="firefox" time="18.766" errors="0" timestamp="2025-05-10T23:19:35 IST">
  <testcase classname="UsingTestNg.parallerExecutionXml" name="testlogo" time="0.08"/>
  <testcase classname="UsingTestNg.parallerExecutionXml" name="testtitle" time="0.008"/>
  <testcase classname="UsingTestNg.parallerExecutionXml" name="testurl" time="0.006"/>
</testsuite> <!-- firefox -->
