<?xml version="1.0" encoding="UTF-8"?>
<!-- Generated by org.testng.reporters.JUnitXMLReporter -->
<testsuite ignored="0" hostname="DESKTOP-EQ55Q8H" failures="0" tests="7" name="myFirstTestcases01" time="17.056" errors="0" timestamp="2025-05-07T18:30:51 IST">
  <testcase classname="UsingTestNg.OrangeHrmLogin" name="open" time="11.336"/>
  <testcase classname="UsingTestNg.OrangeHrmLogin" name="displaylogo" time="5.122"/>
  <testcase classname="UsingTestNg.OrangeHrmLogin" name="login" time="0.299"/>
  <testcase classname="UsingTestNg.OrangeHrmLogin" name="close" time="0.171"/>
  <testcase classname="UsingTestNg.FirstTestCase" name="Open" time="0.004"/>
  <testcase classname="UsingTestNg.FirstTestCase" name="Login" time="0.005"/>
  <testcase classname="UsingTestNg.FirstTestCase" name="logout" time="0.003"/>
</testsuite> <!-- myFirstTestcases01 -->
