<?xml version="1.0" encoding="UTF-8"?>
<!-- Generated by org.testng.reporters.JUnitXMLReporter -->
<testsuite ignored="6" hostname="DESKTOP-EQ55Q8H" failures="0" tests="2" name="Regression" time="0.097" errors="0" timestamp="2025-05-08T18:35:24 IST">
  <testcase classname="groupingConcept.payment" name="offline" time="0.014"/>
  <testcase classname="groupingConcept.payment" name="online" time="0.002"/>
  <testcase classname="groupingConcept.signUpTestCase" name="signupTwitter" time="0.0">
    <ignored/>
  </testcase> <!-- signupTwitter -->
  <testcase classname="groupingConcept.lgoinTestCase" name="facebooklogin" time="0.0">
    <ignored/>
  </testcase> <!-- facebooklogin -->
  <testcase classname="groupingConcept.lgoinTestCase" name="nukari" time="0.0">
    <ignored/>
  </testcase> <!-- nukari -->
  <testcase classname="groupingConcept.signUpTestCase" name="signupFB" time="0.0">
    <ignored/>
  </testcase> <!-- signupFB -->
  <testcase classname="groupingConcept.lgoinTestCase" name="twitteerlogin" time="0.0">
    <ignored/>
  </testcase> <!-- twitteerlogin -->
  <testcase classname="groupingConcept.signUpTestCase" name="signupnukari" time="0.0">
    <ignored/>
  </testcase> <!-- signupnukari -->
</testsuite> <!-- Regression -->
