<?xml version="1.0" encoding="UTF-8"?>
<testng-results ignored="0" total="10" passed="10" failed="0" skipped="0">
  <reporter-output>
  </reporter-output>
  <suite started-at="2025-05-14T11:00:25 IST" name="Surefire suite" finished-at="2025-05-14T11:00:36 IST" duration-ms="11105">
    <groups>
      <group name="regression">
        <method signature="signUpTestCase.signupFB()[pri:1, instance:groupingConcept.signUpTestCase@1534f01b]" name="signupFB" class="groupingConcept.signUpTestCase"/>
        <method signature="signUpTestCase.signupTwitter()[pri:2, instance:groupingConcept.signUpTestCase@1534f01b]" name="signupTwitter" class="groupingConcept.signUpTestCase"/>
        <method signature="signUpTestCase.signupnukari()[pri:3, instance:groupingConcept.signUpTestCase@1534f01b]" name="signupnukari" class="groupingConcept.signUpTestCase"/>
      </group> <!-- regression -->
      <group name="sanity">
        <method signature="lgoinTestCase.facebooklogin()[pri:1, instance:groupingConcept.lgoinTestCase@7c0c77c7]" name="facebooklogin" class="groupingConcept.lgoinTestCase"/>
        <method signature="lgoinTestCase.twitteerlogin()[pri:2, instance:groupingConcept.lgoinTestCase@7c0c77c7]" name="twitteerlogin" class="groupingConcept.lgoinTestCase"/>
        <method signature="lgoinTestCase.nukari()[pri:3, instance:groupingConcept.lgoinTestCase@7c0c77c7]" name="nukari" class="groupingConcept.lgoinTestCase"/>
      </group> <!-- sanity -->
    </groups>
    <test started-at="2025-05-14T11:00:25 IST" name="Surefire test" finished-at="2025-05-14T11:00:36 IST" duration-ms="11105">
      <class name="groupingConcept.lgoinTestCase">
        <test-method signature="facebooklogin()[pri:1, instance:groupingConcept.lgoinTestCase@7c0c77c7]" started-at="2025-05-14T11:00:25 IST" name="facebooklogin" finished-at="2025-05-14T11:00:25 IST" duration-ms="12" status="PASS">
          <reporter-output>
          </reporter-output>
        </test-method> <!-- facebooklogin -->
        <test-method signature="twitteerlogin()[pri:2, instance:groupingConcept.lgoinTestCase@7c0c77c7]" started-at="2025-05-14T11:00:25 IST" name="twitteerlogin" finished-at="2025-05-14T11:00:25 IST" duration-ms="1" status="PASS">
          <reporter-output>
          </reporter-output>
        </test-method> <!-- twitteerlogin -->
        <test-method signature="nukari()[pri:3, instance:groupingConcept.lgoinTestCase@7c0c77c7]" started-at="2025-05-14T11:00:25 IST" name="nukari" finished-at="2025-05-14T11:00:25 IST" duration-ms="4" status="PASS">
          <reporter-output>
          </reporter-output>
        </test-method> <!-- nukari -->
      </class> <!-- groupingConcept.lgoinTestCase -->
      <class name="PageObjectModel.loginTestCase">
        <test-method is-config="true" signature="setup()[pri:0, instance:PageObjectModel.loginTestCase@19bb07ed]" started-at="2025-05-14T11:00:25 IST" name="setup" finished-at="2025-05-14T11:00:33 IST" duration-ms="8752" status="PASS">
          <reporter-output>
          </reporter-output>
        </test-method> <!-- setup -->
        <test-method signature="testLogin()[pri:0, instance:PageObjectModel.loginTestCase@19bb07ed]" started-at="2025-05-14T11:00:33 IST" name="testLogin" finished-at="2025-05-14T11:00:35 IST" duration-ms="1974" status="PASS">
          <reporter-output>
          </reporter-output>
        </test-method> <!-- testLogin -->
        <test-method is-config="true" signature="tearDown()[pri:0, instance:PageObjectModel.loginTestCase@19bb07ed]" started-at="2025-05-14T11:00:35 IST" name="tearDown" finished-at="2025-05-14T11:00:36 IST" duration-ms="201" status="PASS">
          <reporter-output>
          </reporter-output>
        </test-method> <!-- tearDown -->
      </class> <!-- PageObjectModel.loginTestCase -->
      <class name="UsingTestNg.FirstTestCase">
        <test-method signature="Open()[pri:1, instance:UsingTestNg.FirstTestCase@10e41621]" started-at="2025-05-14T11:00:36 IST" name="Open" finished-at="2025-05-14T11:00:36 IST" duration-ms="0" status="PASS">
          <reporter-output>
          </reporter-output>
        </test-method> <!-- Open -->
        <test-method signature="Login()[pri:2, instance:UsingTestNg.FirstTestCase@10e41621]" started-at="2025-05-14T11:00:36 IST" name="Login" finished-at="2025-05-14T11:00:36 IST" duration-ms="2" status="PASS">
          <reporter-output>
          </reporter-output>
        </test-method> <!-- Login -->
        <test-method signature="logout()[pri:3, instance:UsingTestNg.FirstTestCase@10e41621]" started-at="2025-05-14T11:00:36 IST" name="logout" finished-at="2025-05-14T11:00:36 IST" duration-ms="1" status="PASS">
          <reporter-output>
          </reporter-output>
        </test-method> <!-- logout -->
      </class> <!-- UsingTestNg.FirstTestCase -->
      <class name="groupingConcept.signUpTestCase">
        <test-method signature="signupFB()[pri:1, instance:groupingConcept.signUpTestCase@1534f01b]" started-at="2025-05-14T11:00:25 IST" name="signupFB" finished-at="2025-05-14T11:00:25 IST" duration-ms="3" status="PASS">
          <reporter-output>
          </reporter-output>
        </test-method> <!-- signupFB -->
        <test-method signature="signupTwitter()[pri:2, instance:groupingConcept.signUpTestCase@1534f01b]" started-at="2025-05-14T11:00:25 IST" name="signupTwitter" finished-at="2025-05-14T11:00:25 IST" duration-ms="1" status="PASS">
          <reporter-output>
          </reporter-output>
        </test-method> <!-- signupTwitter -->
        <test-method signature="signupnukari()[pri:3, instance:groupingConcept.signUpTestCase@1534f01b]" started-at="2025-05-14T11:00:25 IST" name="signupnukari" finished-at="2025-05-14T11:00:25 IST" duration-ms="2" status="PASS">
          <reporter-output>
          </reporter-output>
        </test-method> <!-- signupnukari -->
      </class> <!-- groupingConcept.signUpTestCase -->
    </test> <!-- Surefire test -->
  </suite> <!-- Surefire suite -->
</testng-results>
