<?xml version="1.0" encoding="UTF-8"?>
<testsuite xmlns:xsi="http://www.w3.org/2001/XMLSchema-instance" xsi:noNamespaceSchemaLocation="https://maven.apache.org/surefire/maven-surefire-plugin/xsd/surefire-test-report-3.0.xsd" version="3.0" name="TestSuite" time="11.928" tests="10" errors="0" skipped="0" failures="0">
  <properties>
[...]
</properties>
  <testcase name="facebooklogin" classname="groupingConcept.lgoinTestCase" time="0.019">
    <system-out><![CDATA[This is FaceBook Login...!
]]></system-out>
    <system-err><![CDATA[SLF4J(W): No SLF4J providers were found.
SLF4J(W): Defaulting to no-operation (NOP) logger implementation
SLF4J(W): See https://www.slf4j.org/codes.html#noProviders for further details.
]]></system-err>
  </testcase>
  <testcase name="twitteerlogin" classname="groupingConcept.lgoinTestCase" time="0.003">
    <system-out><![CDATA[This is twitter Login...!
]]></system-out>
  </testcase>
  <testcase name="nukari" classname="groupingConcept.lgoinTestCase" time="0.013">
    <system-out><![CDATA[This is nukari Login...!
]]></system-out>
  </testcase>
  <testcase name="signupFB" classname="groupingConcept.signUpTestCase" time="0.005">
    <system-out><![CDATA[This is signup for FaceBook...!
]]></system-out>
  </testcase>
  <testcase name="signupTwitter" classname="groupingConcept.signUpTestCase" time="0.002">
    <system-out><![CDATA[This is signup for Twitter...!
]]></system-out>
  </testcase>
  <testcase name="signupnukari" classname="groupingConcept.signUpTestCase" time="0.003">
    <system-out><![CDATA[This is signup for Naukri...!
]]></system-out>
  </testcase>
  <testcase name="testLogin" classname="PageObjectModel.loginTestCase" time="1.972">
    <system-err><![CDATA[May 14, 2025 11:00:29 AM org.openqa.selenium.devtools.CdpVersionFinder findNearestMatch
WARNING: Unable to find an exact match for CDP version 136, returning the closest version; found: 135; Please update to a Selenium version that supports CDP version 136
]]></system-err>
  </testcase>
  <testcase name="Open" classname="UsingTestNg.FirstTestCase" time="0.003">
    <system-out><![CDATA[Open the application
]]></system-out>
  </testcase>
  <testcase name="Login" classname="UsingTestNg.FirstTestCase" time="0.009">
    <system-out><![CDATA[Login To Application
]]></system-out>
  </testcase>
  <testcase name="logout" classname="UsingTestNg.FirstTestCase" time="0.003">
    <system-out><![CDATA[Logout From Application
]]></system-out>
  </testcase>
</testsuite>