<?xml version="1.0" encoding="UTF-8"?>
<!-- Generated by org.testng.reporters.JUnitXMLReporter -->
<testsuite ignored="0" hostname="DESKTOP-EQ55Q8H" failures="0" tests="3" name="Test" time="0.293" errors="0" timestamp="2025-05-10T22:09:36 IST">
  <testcase classname="UsingTestNg.parallerExecutionXml" name="@BeforeClass setup" time="-1.74689517607E9">
    <failure type="org.testng.TestNGException" message="
Can inject only one of &amp;lt;ITestContext, XmlTest&amp;gt; into a @BeforeClass annotated setup.
For more information on native dependency injection please refer to https://testng.org/#_dependency_injection">
      <![CDATA[org.testng.TestNGException: 
Can inject only one of <ITestContext, XmlTest> into a @BeforeClass annotated setup.
For more information on native dependency injection please refer to https://testng.org/#_dependency_injection
at java.base/java.util.ArrayList.forEach(ArrayList.java:1596)
... Removed 22 stack frames]]>
    </failure>
  </testcase> <!-- @BeforeClass setup -->
  <testcase classname="UsingTestNg.parallerExecutionXml" name="@AfterClass close" time="0.0">
    <skipped/>
  </testcase> <!-- @AfterClass close -->
  <testcase classname="UsingTestNg.parallerExecutionXml" name="testlogo" time="0.001">
    <skipped/>
  </testcase> <!-- testlogo -->
  <testcase classname="UsingTestNg.parallerExecutionXml" name="testtitle" time="0.001">
    <skipped/>
  </testcase> <!-- testtitle -->
  <testcase classname="UsingTestNg.parallerExecutionXml" name="testurl" time="0.0">
    <skipped/>
  </testcase> <!-- testurl -->
</testsuite> <!-- Test -->
